<?xml version="1.0" encoding="UTF-8"?>
<testsuite name="VocabTest" tests="1" skipped="0" failures="0" errors="0" timestamp="2021-11-13T06:19:49" hostname="OLDTRAFFORD" time="0.208">
  <properties/>
  <testcase name="testAddStartingWord()" classname="VocabTest" time="0.208"/>
  <system-out><![CDATA[]]></system-out>
  <system-err><![CDATA[]]></system-err>
</testsuite>
